INFO:root:Created superhero Superman
INFO:root:Created superhero Superman
INFO:root:Created superhero Wonder Woman
INFO:root:Created superhero Wonder Woman
INFO:root:Created superhero Spider-Man
INFO:root:Created superhero Spider-Man
INFO:root:Created superhero Iron Man
INFO:root:Created superhero Iron Man
WARNING:django.request:Not Found: /
ERROR:django.request:Internal Server Error: /core/
Traceback (most recent call last):
  File "/Users/jstrick/.pyenv/versions/anaconda3-5.0.0/lib/python3.6/site-packages/django/template/base.py", line 507, in parse
    compile_func = self.tags[command]
KeyError: 'trans'

During handling of the above exception, another exception occurred:

Traceback (most recent call last):
  File "/Users/jstrick/.pyenv/versions/anaconda3-5.0.0/lib/python3.6/site-packages/django/core/handlers/exception.py", line 41, in inner
    response = get_response(request)
  File "/Users/jstrick/.pyenv/versions/anaconda3-5.0.0/lib/python3.6/site-packages/django/core/handlers/base.py", line 187, in _get_response
    response = self.process_exception_by_middleware(e, request)
  File "/Users/jstrick/.pyenv/versions/anaconda3-5.0.0/lib/python3.6/site-packages/django/core/handlers/base.py", line 185, in _get_response
    response = wrapped_callback(request, *callback_args, **callback_kwargs)
  File "/Users/jstrick/Documents/curr/courses/python/examples3/django1.11/djintl/core/views.py", line 10, in home
    return render(request, 'core/home.html', context)
  File "/Users/jstrick/.pyenv/versions/anaconda3-5.0.0/lib/python3.6/site-packages/django/shortcuts.py", line 30, in render
    content = loader.render_to_string(template_name, context, request, using=using)
  File "/Users/jstrick/.pyenv/versions/anaconda3-5.0.0/lib/python3.6/site-packages/django/template/loader.py", line 67, in render_to_string
    template = get_template(template_name, using=using)
  File "/Users/jstrick/.pyenv/versions/anaconda3-5.0.0/lib/python3.6/site-packages/django/template/loader.py", line 21, in get_template
    return engine.get_template(template_name)
  File "/Users/jstrick/.pyenv/versions/anaconda3-5.0.0/lib/python3.6/site-packages/django/template/backends/django.py", line 39, in get_template
    return Template(self.engine.get_template(template_name), self)
  File "/Users/jstrick/.pyenv/versions/anaconda3-5.0.0/lib/python3.6/site-packages/django/template/engine.py", line 162, in get_template
    template, origin = self.find_template(template_name)
  File "/Users/jstrick/.pyenv/versions/anaconda3-5.0.0/lib/python3.6/site-packages/django/template/engine.py", line 136, in find_template
    name, template_dirs=dirs, skip=skip,
  File "/Users/jstrick/.pyenv/versions/anaconda3-5.0.0/lib/python3.6/site-packages/django/template/loaders/base.py", line 44, in get_template
    contents, origin, origin.template_name, self.engine,
  File "/Users/jstrick/.pyenv/versions/anaconda3-5.0.0/lib/python3.6/site-packages/django/template/base.py", line 191, in __init__
    self.nodelist = self.compile_nodelist()
  File "/Users/jstrick/.pyenv/versions/anaconda3-5.0.0/lib/python3.6/site-packages/django/template/base.py", line 230, in compile_nodelist
    return parser.parse()
  File "/Users/jstrick/.pyenv/versions/anaconda3-5.0.0/lib/python3.6/site-packages/django/template/base.py", line 515, in parse
    raise self.error(token, e)
  File "/Users/jstrick/.pyenv/versions/anaconda3-5.0.0/lib/python3.6/site-packages/django/template/base.py", line 513, in parse
    compiled_result = compile_func(self, token)
  File "/Users/jstrick/.pyenv/versions/anaconda3-5.0.0/lib/python3.6/site-packages/django/template/loader_tags.py", line 312, in do_extends
    nodelist = parser.parse()
  File "/Users/jstrick/.pyenv/versions/anaconda3-5.0.0/lib/python3.6/site-packages/django/template/base.py", line 515, in parse
    raise self.error(token, e)
  File "/Users/jstrick/.pyenv/versions/anaconda3-5.0.0/lib/python3.6/site-packages/django/template/base.py", line 513, in parse
    compiled_result = compile_func(self, token)
  File "/Users/jstrick/.pyenv/versions/anaconda3-5.0.0/lib/python3.6/site-packages/django/template/loader_tags.py", line 255, in do_block
    nodelist = parser.parse(('endblock',))
  File "/Users/jstrick/.pyenv/versions/anaconda3-5.0.0/lib/python3.6/site-packages/django/template/base.py", line 515, in parse
    raise self.error(token, e)
  File "/Users/jstrick/.pyenv/versions/anaconda3-5.0.0/lib/python3.6/site-packages/django/template/base.py", line 513, in parse
    compiled_result = compile_func(self, token)
  File "/Users/jstrick/.pyenv/versions/anaconda3-5.0.0/lib/python3.6/site-packages/django/template/defaulttags.py", line 827, in do_for
    nodelist_loop = parser.parse(('empty', 'endfor',))
  File "/Users/jstrick/.pyenv/versions/anaconda3-5.0.0/lib/python3.6/site-packages/django/template/base.py", line 509, in parse
    self.invalid_block_tag(token, command, parse_until)
  File "/Users/jstrick/.pyenv/versions/anaconda3-5.0.0/lib/python3.6/site-packages/django/template/base.py", line 565, in invalid_block_tag
    get_text_list(["'%s'" % p for p in parse_until], 'or'),
django.template.exceptions.TemplateSyntaxError: Invalid block tag on line 9: 'trans', expected 'empty' or 'endfor'. Did you forget to register or load this tag?
ERROR:django.request:Internal Server Error: /core/
Traceback (most recent call last):
  File "/Users/jstrick/.pyenv/versions/anaconda3-5.0.0/lib/python3.6/site-packages/django/template/base.py", line 507, in parse
    compile_func = self.tags[command]
KeyError: 'trans'

During handling of the above exception, another exception occurred:

Traceback (most recent call last):
  File "/Users/jstrick/.pyenv/versions/anaconda3-5.0.0/lib/python3.6/site-packages/django/core/handlers/exception.py", line 41, in inner
    response = get_response(request)
  File "/Users/jstrick/.pyenv/versions/anaconda3-5.0.0/lib/python3.6/site-packages/django/core/handlers/base.py", line 187, in _get_response
    response = self.process_exception_by_middleware(e, request)
  File "/Users/jstrick/.pyenv/versions/anaconda3-5.0.0/lib/python3.6/site-packages/django/core/handlers/base.py", line 185, in _get_response
    response = wrapped_callback(request, *callback_args, **callback_kwargs)
  File "/Users/jstrick/Documents/curr/courses/python/examples3/django1.11/djintl/core/views.py", line 10, in home
    return render(request, 'core/home.html', context)
  File "/Users/jstrick/.pyenv/versions/anaconda3-5.0.0/lib/python3.6/site-packages/django/shortcuts.py", line 30, in render
    content = loader.render_to_string(template_name, context, request, using=using)
  File "/Users/jstrick/.pyenv/versions/anaconda3-5.0.0/lib/python3.6/site-packages/django/template/loader.py", line 67, in render_to_string
    template = get_template(template_name, using=using)
  File "/Users/jstrick/.pyenv/versions/anaconda3-5.0.0/lib/python3.6/site-packages/django/template/loader.py", line 21, in get_template
    return engine.get_template(template_name)
  File "/Users/jstrick/.pyenv/versions/anaconda3-5.0.0/lib/python3.6/site-packages/django/template/backends/django.py", line 39, in get_template
    return Template(self.engine.get_template(template_name), self)
  File "/Users/jstrick/.pyenv/versions/anaconda3-5.0.0/lib/python3.6/site-packages/django/template/engine.py", line 162, in get_template
    template, origin = self.find_template(template_name)
  File "/Users/jstrick/.pyenv/versions/anaconda3-5.0.0/lib/python3.6/site-packages/django/template/engine.py", line 136, in find_template
    name, template_dirs=dirs, skip=skip,
  File "/Users/jstrick/.pyenv/versions/anaconda3-5.0.0/lib/python3.6/site-packages/django/template/loaders/base.py", line 44, in get_template
    contents, origin, origin.template_name, self.engine,
  File "/Users/jstrick/.pyenv/versions/anaconda3-5.0.0/lib/python3.6/site-packages/django/template/base.py", line 191, in __init__
    self.nodelist = self.compile_nodelist()
  File "/Users/jstrick/.pyenv/versions/anaconda3-5.0.0/lib/python3.6/site-packages/django/template/base.py", line 230, in compile_nodelist
    return parser.parse()
  File "/Users/jstrick/.pyenv/versions/anaconda3-5.0.0/lib/python3.6/site-packages/django/template/base.py", line 515, in parse
    raise self.error(token, e)
  File "/Users/jstrick/.pyenv/versions/anaconda3-5.0.0/lib/python3.6/site-packages/django/template/base.py", line 513, in parse
    compiled_result = compile_func(self, token)
  File "/Users/jstrick/.pyenv/versions/anaconda3-5.0.0/lib/python3.6/site-packages/django/template/loader_tags.py", line 312, in do_extends
    nodelist = parser.parse()
  File "/Users/jstrick/.pyenv/versions/anaconda3-5.0.0/lib/python3.6/site-packages/django/template/base.py", line 515, in parse
    raise self.error(token, e)
  File "/Users/jstrick/.pyenv/versions/anaconda3-5.0.0/lib/python3.6/site-packages/django/template/base.py", line 513, in parse
    compiled_result = compile_func(self, token)
  File "/Users/jstrick/.pyenv/versions/anaconda3-5.0.0/lib/python3.6/site-packages/django/template/loader_tags.py", line 255, in do_block
    nodelist = parser.parse(('endblock',))
  File "/Users/jstrick/.pyenv/versions/anaconda3-5.0.0/lib/python3.6/site-packages/django/template/base.py", line 515, in parse
    raise self.error(token, e)
  File "/Users/jstrick/.pyenv/versions/anaconda3-5.0.0/lib/python3.6/site-packages/django/template/base.py", line 513, in parse
    compiled_result = compile_func(self, token)
  File "/Users/jstrick/.pyenv/versions/anaconda3-5.0.0/lib/python3.6/site-packages/django/template/defaulttags.py", line 827, in do_for
    nodelist_loop = parser.parse(('empty', 'endfor',))
  File "/Users/jstrick/.pyenv/versions/anaconda3-5.0.0/lib/python3.6/site-packages/django/template/base.py", line 509, in parse
    self.invalid_block_tag(token, command, parse_until)
  File "/Users/jstrick/.pyenv/versions/anaconda3-5.0.0/lib/python3.6/site-packages/django/template/base.py", line 565, in invalid_block_tag
    get_text_list(["'%s'" % p for p in parse_until], 'or'),
django.template.exceptions.TemplateSyntaxError: Invalid block tag on line 9: 'trans', expected 'empty' or 'endfor'. Did you forget to register or load this tag?
WARNING:django.request:Not Found: /favicon.ico
INFO:django.utils.autoreload:Watching for file changes with StatReloader
